2018-03-17T15:58:49.6997407+05:30;Thread#1;Info;Discovering target: Default
2018-03-17T15:58:49.7153407+05:30;Thread#1;Info;Discovering tests from assembly: D:\Aviva\Aviva Final\Resume\Assessment - Final\Third Lot\Roshini Hinduja\Aviva Assessment_Roshini\com.Aviva.Assessment\com.Aviva.Assessment\bin\Debug\com.Aviva.Assessment.dll
Appdomain Disposed
Test Suite Dump
#0: com.Aviva.Assessment/Default - 
#1: Default - 
#2: com.Aviva.Assessment - 
#3: Google search and printing data from the results - 
#4: Search with valid data and print result, Aviva - TestAssembly:com.Aviva.Assessment/Feature:Google+search+and+printing+data+from+the+results/Scenario:Search+with+valid+data+and+print+result%2c+Aviva
#5: Search with invalid data and print error text - TestAssembly:com.Aviva.Assessment/Feature:Google+search+and+printing+data+from+the+results/Scenario:Search+with+invalid+data+and+print+error+text
End: Test Suite Dump
Thread#0:Scheduler: get next test for thread 0
Thread#:Scheduler: testitem #4 from normal test queue 
Thread#0:Scheduler: considering testitem #4 for thread 0
Thread#0:TestItem#4:testItemMatchesCurrentTestThread:UnSpecific
Thread#0:TestItem#4:runsOnOneOtherThreadSpecific:False
Thread#0:TestItem#4:runsOnOneOtherThreadUnspecific:False
Thread#0:Scheduler: using testitem #4 for thread 0
Thread#0:Scheduler: Test #4 is scheduled for thread
Thread#0:Scheduler: with testItemExecutionIndex 0
Thread #0: creating new test thread executor for com.Aviva.Assessment, Version=1.0.0.0, Culture=neutral, PublicKeyToken=null (target: Default)
Loading SpecRun type 'TechTalk.SpecRun.Framework.TestAssemblyExecutor' from: D:\Aviva\Aviva Final\Resume\Assessment - Final\Third Lot\Roshini Hinduja\Aviva Assessment_Roshini\com.Aviva.Assessment\packages\SpecRun.Runner.1.7.0\tools\TechTalk.SpecRun.Framework.Executor.dll
Thread#0: Test #4/0 is started on thread #0
Thread#0:T:-> Using app.config
Thread#0:T:Unable to connect to the remote server
Thread#0:B:Given I launch Google homepage on the web browser
Thread#0:T:Assertion successful, user is on Google Homepage
Thread#0:T:done: AvivaTestStepsDefinition.GivenILaunchGoogleHomepageOnTheWebBrowser() (15.6s)
Thread#0:T:SCREENSHOT[ file:///D:\Aviva\Aviva Final\Resume\Assessment - Final\Third Lot\Roshini Hinduja\Aviva Assessment_Roshini\com.Aviva.Assessment\com.Aviva.Assessment\bin\Debug\tmp794B.jpg ]SCREENSHOT
Thread#0:B:When I enter 'Aviva' in the searchbox
Thread#0:T:Entered text is Aviva
Thread#0:T:done: AvivaTestStepsDefinition.WhenIEnterInTheSearchbox("Aviva") (0.1s)
Thread#0:T:SCREENSHOT[ file:///D:\Aviva\Aviva Final\Resume\Assessment - Final\Third Lot\Roshini Hinduja\Aviva Assessment_Roshini\com.Aviva.Assessment\com.Aviva.Assessment\bin\Debug\tmp7B4F.jpg ]SCREENSHOT
Thread#0:B:And hit search button
Thread#0:T:done: AvivaTestStepsDefinition.WhenHitSearchButton() (11.4s)
Thread#0:T:SCREENSHOT[ file:///D:\Aviva\Aviva Final\Resume\Assessment - Final\Third Lot\Roshini Hinduja\Aviva Assessment_Roshini\com.Aviva.Assessment\com.Aviva.Assessment\bin\Debug\tmpA952.jpg ]SCREENSHOT
Thread#0:B:Then suitable results should be displayed
Thread#0:T:Actual text is Aviva
Thread#0:T:Aviva search results are displayed
Thread#0:T:done: AvivaTestStepsDefinition.ThenSuitableResultsShouldBeDisplayed() (0.1s)
Thread#0:T:SCREENSHOT[ file:///D:\Aviva\Aviva Final\Resume\Assessment - Final\Third Lot\Roshini Hinduja\Aviva Assessment_Roshini\com.Aviva.Assessment\com.Aviva.Assessment\bin\Debug\tmpAB27.jpg ]SCREENSHOT
Thread#0:B:And I should be able to display all links and print fifth link
Thread#0:T:Results Obtained are:
Thread#0:T:error: Exception has been thrown by the target of an invocation.
Thread#0:T:SCREENSHOT[ file:///D:\Aviva\Aviva Final\Resume\Assessment - Final\Third Lot\Roshini Hinduja\Aviva Assessment_Roshini\com.Aviva.Assessment\com.Aviva.Assessment\bin\Debug\tmpACED.jpg ]SCREENSHOT
Thread#0:TestItem#4:Scheduler: reschedule tests for testitem #4
Thread#0:Scheduler: get next test for thread 0
Thread#:Scheduler: dequeuing a rescheduled testitem: #4
Thread#0:Scheduler: considering testitem #4 for thread 0
Thread#0:TestItem#4:testItemMatchesCurrentTestThread:UnSpecific
Thread#0:TestItem#4:runsOnOneOtherThreadSpecific:False
Thread#0:TestItem#4:runsOnOneOtherThreadUnspecific:False
Thread#0:Scheduler: using testitem #4 for thread 0
Thread#0:Scheduler: Test #4 is scheduled for thread
Thread#0:Scheduler: with testItemExecutionIndex 1
Thread#0: Test #4/0 is finished on thread #0 as Failed within 38.9692 seconds
Thread#0: Test #4/1 is started on thread #0
Thread#0:B:Given I launch Google homepage on the web browser
Thread#0:T:Assertion successful, user is on Google Homepage
Thread#0:T:done: AvivaTestStepsDefinition.GivenILaunchGoogleHomepageOnTheWebBrowser() (13.5s)
Thread#0:T:SCREENSHOT[ file:///D:\Aviva\Aviva Final\Resume\Assessment - Final\Third Lot\Roshini Hinduja\Aviva Assessment_Roshini\com.Aviva.Assessment\com.Aviva.Assessment\bin\Debug\tmpFED4.jpg ]SCREENSHOT
Thread#0:B:When I enter 'Aviva' in the searchbox
Thread#0:T:Entered text is Aviva
Thread#0:T:done: AvivaTestStepsDefinition.WhenIEnterInTheSearchbox("Aviva") (0.4s)
Thread#0:T:SCREENSHOT[ file:///D:\Aviva\Aviva Final\Resume\Assessment - Final\Third Lot\Roshini Hinduja\Aviva Assessment_Roshini\com.Aviva.Assessment\com.Aviva.Assessment\bin\Debug\tmp2FA.jpg ]SCREENSHOT
Thread#0:B:And hit search button
Thread#0:T:done: AvivaTestStepsDefinition.WhenHitSearchButton() (17.2s)
Thread#0:T:SCREENSHOT[ file:///D:\Aviva\Aviva Final\Resume\Assessment - Final\Third Lot\Roshini Hinduja\Aviva Assessment_Roshini\com.Aviva.Assessment\com.Aviva.Assessment\bin\Debug\tmp4815.jpg ]SCREENSHOT
Thread#0:B:Then suitable results should be displayed
Thread#0:T:Actual text is Aviva
Thread#0:T:Aviva search results are displayed
Thread#0:T:done: AvivaTestStepsDefinition.ThenSuitableResultsShouldBeDisplayed() (0.1s)
Thread#0:T:SCREENSHOT[ file:///D:\Aviva\Aviva Final\Resume\Assessment - Final\Third Lot\Roshini Hinduja\Aviva Assessment_Roshini\com.Aviva.Assessment\com.Aviva.Assessment\bin\Debug\tmp4A38.jpg ]SCREENSHOT
Thread#0:B:And I should be able to display all links and print fifth link
Thread#0:T:Results Obtained are:
Thread#0:T:error: Exception has been thrown by the target of an invocation.
Thread#0:T:SCREENSHOT[ file:///D:\Aviva\Aviva Final\Resume\Assessment - Final\Third Lot\Roshini Hinduja\Aviva Assessment_Roshini\com.Aviva.Assessment\com.Aviva.Assessment\bin\Debug\tmp4C2D.jpg ]SCREENSHOT
Thread#0:Scheduler: get next test for thread 0
Thread#:Scheduler: dequeuing a rescheduled testitem: #4
Thread#0:Scheduler: considering testitem #4 for thread 0
Thread#0:TestItem#4:testItemMatchesCurrentTestThread:UnSpecific
Thread#0:TestItem#4:runsOnOneOtherThreadSpecific:False
Thread#0:TestItem#4:runsOnOneOtherThreadUnspecific:False
Thread#0:Scheduler: using testitem #4 for thread 0
Thread#0:Scheduler: Test #4 is scheduled for thread
Thread#0:Scheduler: with testItemExecutionIndex 2
Thread#0: Test #4/1 is finished on thread #0 as Failed within 40.8236 seconds
Thread#0: Test #4/2 is started on thread #0
Thread#0:B:Given I launch Google homepage on the web browser
Thread#0:T:Assertion successful, user is on Google Homepage
Thread#0:T:done: AvivaTestStepsDefinition.GivenILaunchGoogleHomepageOnTheWebBrowser() (18.5s)
Thread#0:T:SCREENSHOT[ file:///D:\Aviva\Aviva Final\Resume\Assessment - Final\Third Lot\Roshini Hinduja\Aviva Assessment_Roshini\com.Aviva.Assessment\com.Aviva.Assessment\bin\Debug\tmpB1C3.jpg ]SCREENSHOT
Thread#0:B:When I enter 'Aviva' in the searchbox
Thread#0:T:Entered text is Aviva
Thread#0:T:done: AvivaTestStepsDefinition.WhenIEnterInTheSearchbox("Aviva") (0.1s)
Thread#0:T:SCREENSHOT[ file:///D:\Aviva\Aviva Final\Resume\Assessment - Final\Third Lot\Roshini Hinduja\Aviva Assessment_Roshini\com.Aviva.Assessment\com.Aviva.Assessment\bin\Debug\tmpB398.jpg ]SCREENSHOT
Thread#0:B:And hit search button
Thread#0:T:done: AvivaTestStepsDefinition.WhenHitSearchButton() (15.4s)
Thread#0:T:SCREENSHOT[ file:///D:\Aviva\Aviva Final\Resume\Assessment - Final\Third Lot\Roshini Hinduja\Aviva Assessment_Roshini\com.Aviva.Assessment\com.Aviva.Assessment\bin\Debug\tmpF173.jpg ]SCREENSHOT
Thread#0:B:Then suitable results should be displayed
Thread#0:T:Actual text is Aviva
Thread#0:T:Aviva search results are displayed
Thread#0:T:done: AvivaTestStepsDefinition.ThenSuitableResultsShouldBeDisplayed() (0.1s)
Thread#0:T:SCREENSHOT[ file:///D:\Aviva\Aviva Final\Resume\Assessment - Final\Third Lot\Roshini Hinduja\Aviva Assessment_Roshini\com.Aviva.Assessment\com.Aviva.Assessment\bin\Debug\tmpF339.jpg ]SCREENSHOT
Thread#0:B:And I should be able to display all links and print fifth link
Thread#0:T:Results Obtained are:
Thread#0:T:error: Exception has been thrown by the target of an invocation.
Thread#0:T:SCREENSHOT[ file:///D:\Aviva\Aviva Final\Resume\Assessment - Final\Third Lot\Roshini Hinduja\Aviva Assessment_Roshini\com.Aviva.Assessment\com.Aviva.Assessment\bin\Debug\tmpF4CF.jpg ]SCREENSHOT
Thread#0:Scheduler: get next test for thread 0
Thread#:Scheduler: testitem #5 from normal test queue 
Thread#0:Scheduler: considering testitem #5 for thread 0
Thread#0:TestItem#5:testItemMatchesCurrentTestThread:UnSpecific
Thread#0:TestItem#5:runsOnOneOtherThreadSpecific:False
Thread#0:TestItem#5:runsOnOneOtherThreadUnspecific:False
Thread#0:Scheduler: using testitem #5 for thread 0
Thread#0:Scheduler: Test #5 is scheduled for thread
Thread#0:Scheduler: with testItemExecutionIndex 0
Thread#0: Test #4/2 is finished on thread #0 as Failed within 43.014 seconds
Thread#0: Test #5/0 is started on thread #0
Thread#0:B:Given I launch Google homepage on the web browser
Thread#0:T:Assertion successful, user is on Google Homepage
Thread#0:T:done: AvivaTestStepsDefinition.GivenILaunchGoogleHomepageOnTheWebBrowser() (16.6s)
Thread#0:T:SCREENSHOT[ file:///D:\Aviva\Aviva Final\Resume\Assessment - Final\Third Lot\Roshini Hinduja\Aviva Assessment_Roshini\com.Aviva.Assessment\com.Aviva.Assessment\bin\Debug\tmp519F.jpg ]SCREENSHOT
Thread#0:B:When I enter keyword in the searchbox
Thread#0:B:  --- table step argument ---
Thread#0:B:  | keyword       |
Thread#0:B:  | $#%@%!^@^@%#% |
Thread#0:T:Entered text is $#%@%!^@^@%#%
Thread#0:T:done: AvivaTestStepsDefinition.WhenIEnterKeywordInTheSearchbox(<table>) (0.3s)
Thread#0:T:SCREENSHOT[ file:///D:\Aviva\Aviva Final\Resume\Assessment - Final\Third Lot\Roshini Hinduja\Aviva Assessment_Roshini\com.Aviva.Assessment\com.Aviva.Assessment\bin\Debug\tmp542F.jpg ]SCREENSHOT
Thread#0:B:And hit search button
Thread#0:T:done: AvivaTestStepsDefinition.WhenHitSearchButton() (6.4s)
Thread#0:T:SCREENSHOT[ file:///D:\Aviva\Aviva Final\Resume\Assessment - Final\Third Lot\Roshini Hinduja\Aviva Assessment_Roshini\com.Aviva.Assessment\com.Aviva.Assessment\bin\Debug\tmp6E84.jpg ]SCREENSHOT
Thread#0:B:Then suitable error message should be displayed
Thread#0:T:Your search - $#%@%!^@^@%#% - did not match any documents.
Thread#0:T:done: AvivaTestStepsDefinition.ThenSuitableErrorMessageShouldBeDisplayed() (0.1s)
Thread#0:T:SCREENSHOT[ file:///D:\Aviva\Aviva Final\Resume\Assessment - Final\Third Lot\Roshini Hinduja\Aviva Assessment_Roshini\com.Aviva.Assessment\com.Aviva.Assessment\bin\Debug\tmp7068.jpg ]SCREENSHOT
Thread#0:Scheduler: get next test for thread 0
Thread#:Scheduler: at the end of normal test queue
Thread#0:Scheduler: enumerator for thread is at end
Thread#0:Scheduler: No more tests for thread
Thread#0: Test #5/0 is finished on thread #0 as Succeeded within 31.8785 seconds
Appdomain Disposed
Thread#-1:Scheduler: get next test for thread -1
Thread#:Scheduler: at the end of normal test queue
Thread#-1:Scheduler: enumerator for thread is at end
Total: 2 (test executions: 4)
Succeeded: 1
Ignored: 0
Pending: 0
Skipped: 0
Failed: 1
